<?xml version="1.0" encoding="UTF-8"?>
<!-- Generated by org.testng.reporters.JUnitReportReporter -->
<testsuite hostname="Dattatray369-PC" name="skyscape.Launch" tests="2" failures="0" timestamp="11 Oct 2014 18:58:11 GMT" time="42.286" errors="0">
  <testcase name="Scroll_down_Up_Check" time="8.718" classname="skyscape.Launch"/>
  <testcase name="Skyscape_website_launch" time="33.568" classname="skyscape.Launch"/>
</testsuite> <!-- skyscape.Launch -->
