<?xml version="1.0" encoding="UTF-8"?>
<!-- Generated by org.testng.reporters.JUnitReportReporter -->
<testsuite hostname="Dattatray369-PC" name="skyscape.Shopping_cart" tests="4" failures="0" timestamp="12 Oct 2014 21:28:35 GMT" time="89.401" errors="0">
  <testcase name="Change_Platform" time="28.546" classname="skyscape.Shopping_cart"/>
  <testcase name="Checkout" time="8.389" classname="skyscape.Shopping_cart"/>
  <testcase name="Update_Cart" time="28.233" classname="skyscape.Shopping_cart"/>
  <testcase name="Remove_resource_from_cart" time="24.233" classname="skyscape.Shopping_cart"/>
</testsuite> <!-- skyscape.Shopping_cart -->
