<?xml version="1.0" encoding="UTF-8"?>
<!-- Generated by org.testng.reporters.JUnitReportReporter -->
<testsuite hostname="Dattatray369-PC" name="skyscape.Header_bar" tests="8" failures="0" timestamp="11 Oct 2014 20:08:39 GMT" time="211.783" errors="0">
  <testcase name="My_Account_after_login" time="23.276" classname="skyscape.Header_bar"/>
  <testcase name="My_Account" time="9.989" classname="skyscape.Header_bar"/>
  <testcase name="Product_page" time="111.793" classname="skyscape.Header_bar"/>
  <testcase name="School_page" time="9.779" classname="skyscape.Header_bar"/>
  <testcase name="Cart" time="7.045" classname="skyscape.Header_bar"/>
  <testcase name="Support" time="8.253" classname="skyscape.Header_bar"/>
  <testcase name="Home_page" time="33.241" classname="skyscape.Header_bar"/>
  <testcase name="App_page" time="8.407" classname="skyscape.Header_bar"/>
</testsuite> <!-- skyscape.Header_bar -->
