<?xml version="1.0" encoding="UTF-8"?>
<!-- Generated by org.testng.reporters.JUnitReportReporter -->
<testsuite hostname="Dattatray369-PC" name="skyscape.ProductDetail" tests="3" failures="0" timestamp="12 Oct 2014 20:43:26 GMT" time="242.280" errors="0">
  <testcase name="Selecting_Platform" time="30.635" classname="skyscape.ProductDetail"/>
  <testcase name="Add_Product_In_The_Cart" time="187.903" classname="skyscape.ProductDetail"/>
  <testcase name="Launch_Product_Detail" time="23.742" classname="skyscape.ProductDetail"/>
</testsuite> <!-- skyscape.ProductDetail -->
