<?xml version="1.0" encoding="UTF-8"?>
<!-- Generated by org.testng.reporters.JUnitReportReporter -->
<testsuite hostname="Dattatray369-PC" name="skyscape.Login_data" tests="7" failures="0" timestamp="11 Oct 2014 19:00:20 GMT" time="100.480" errors="0">
  <testcase name="Login_All_scenarios" time="10.783" classname="skyscape.Login_data"/>
  <testcase name="Login_All_scenarios" time="15.799" classname="skyscape.Login_data"/>
  <testcase name="Login_All_scenarios" time="14.421" classname="skyscape.Login_data"/>
  <testcase name="Login_All_scenarios" time="11.692" classname="skyscape.Login_data"/>
  <testcase name="Login_All_scenarios" time="9.726" classname="skyscape.Login_data"/>
  <testcase name="Login_All_scenarios" time="28.773" classname="skyscape.Login_data"/>
  <testcase name="Login_All_scenarios" time="9.286" classname="skyscape.Login_data"/>
</testsuite> <!-- skyscape.Login_data -->
