<?xml version="1.0" encoding="UTF-8"?>
<!-- Generated by org.testng.reporters.JUnitReportReporter -->
<testsuite hostname="Dattatray-PC" name="skyscape.Purchase" tests="2" failures="0" timestamp="13 Oct 2014 11:29:46 GMT" time="65.811" errors="0">
  <testcase name="Shopping_without_login" time="31.779" classname="skyscape.Purchase"/>
  <testcase name="Shopping_with_CreditCard" time="34.032" classname="skyscape.Purchase"/>
</testsuite> <!-- skyscape.Purchase -->
