<?xml version="1.0" encoding="UTF-8"?>
<!-- Generated by org.testng.reporters.JUnitReportReporter -->
<testsuite hostname="Dattatray-PC" name="skyscape.Search" tests="4" failures="0" timestamp="14 Oct 2014 05:24:57 GMT" time="34.447" errors="0">
  <testcase name="Search_with_Fever" time="4.431" classname="skyscape.Search"/>
  <testcase name="Search_with_Davis" time="0.403" classname="skyscape.Search"/>
  <testcase name="search_without_login" time="27.434" classname="skyscape.Search"/>
  <testcase name="Search_no_results_found" time="2.179" classname="skyscape.Search"/>
</testsuite> <!-- skyscape.Search -->
