<?xml version="1.0" encoding="UTF-8"?>
<!-- Generated by org.testng.reporters.JUnitReportReporter -->
<testsuite hostname="Dattatray-PC" name="skyscape.Registration" tests="1" failures="0" timestamp="13 Oct 2014 06:57:13 GMT" time="100.547" errors="0">
  <testcase name="main" time="100.547" classname="skyscape.Registration"/>
</testsuite> <!-- skyscape.Registration -->
