<?xml version="1.0" encoding="UTF-8"?>
<!-- Generated by org.testng.reporters.JUnitReportReporter -->
<testsuite hostname="Dattatray-PC" name="skyscape.Change_Profile" tests="2" failures="0" timestamp="13 Oct 2014 15:32:50 GMT" time="110.909" errors="0">
  <testcase name="Change_Details" time="61.156" classname="skyscape.Change_Profile"/>
  <testcase name="Change_Details" time="49.753" classname="skyscape.Change_Profile"/>
</testsuite> <!-- skyscape.Change_Profile -->
